To start using FSL, first run 'source $FSLDIR/etc/fslconf/fsl.sh'

FSL/6.0.7.9
S1020.anat/first_results was found
Volumetring: S1020 structure: 10 = 9854 9854.000000 
Volumetring: S1020 structure: 11 = 4280 4280.000000 
Volumetring: S1020 structure: 12 = 5970 5970.000000 
Volumetring: S1020 structure: 13 = 2028 2028.000000 
Volumetring: S1020 structure: 16 = 22736 22736.000000 
Volumetring: S1020 structure: 17 = 4417 4417.000000 
Volumetring: S1020 structure: 18 = 1600 1600.000000 
Volumetring: S1020 structure: 26 = 659 659.000000 
Volumetring: S1020 structure: 49 = 9423 9423.000000 
Volumetring: S1020 structure: 50 = 4294 4294.000000 
Volumetring: S1020 structure: 51 = 5770 5770.000000 
Volumetring: S1020 structure: 52 = 2007 2007.000000 
Volumetring: S1020 structure: 53 = 4031 4031.000000 
Volumetring: S1020 structure: 54 = 1588 1588.000000 
Volumetring: S1020 structure: 58 = 491 491.000000 
Volumetring S1020 done
S1021.anat/first_results was found
Volumetring: S1021 structure: 10 = 8085 8085.000000 
Volumetring: S1021 structure: 11 = 4191 4191.000000 
Volumetring: S1021 structure: 12 = 5694 5694.000000 
Volumetring: S1021 structure: 13 = 1820 1820.000000 
Volumetring: S1021 structure: 16 = 18763 18763.000000 
Volumetring: S1021 structure: 17 = 3856 3856.000000 
Volumetring: S1021 structure: 18 = 1432 1432.000000 
Volumetring: S1021 structure: 26 = 588 588.000000 
Volumetring: S1021 structure: 49 = 8057 8057.000000 
Volumetring: S1021 structure: 50 = 4181 4181.000000 
Volumetring: S1021 structure: 51 = 5312 5312.000000 
Volumetring: S1021 structure: 52 = 1727 1727.000000 
Volumetring: S1021 structure: 53 = 3824 3824.000000 
Volumetring: S1021 structure: 54 = 1244 1244.000000 
Volumetring: S1021 structure: 58 = 459 459.000000 
Volumetring S1021 done
S1022.anat/first_results was found
Volumetring: S1022 structure: 10 = 7372 7372.000000 
Volumetring: S1022 structure: 11 = 3937 3937.000000 
Volumetring: S1022 structure: 12 = 5677 5677.000000 
Volumetring: S1022 structure: 13 = 1694 1694.000000 
Volumetring: S1022 structure: 16 = 19862 19862.000000 
Volumetring: S1022 structure: 17 = 3308 3308.000000 
Volumetring: S1022 structure: 18 = 1535 1535.000000 
Volumetring: S1022 structure: 26 = 546 546.000000 
Volumetring: S1022 structure: 49 = 7176 7176.000000 
Volumetring: S1022 structure: 50 = 4134 4134.000000 
Volumetring: S1022 structure: 51 = 5370 5370.000000 
Volumetring: S1022 structure: 52 = 1618 1618.000000 
Volumetring: S1022 structure: 53 = 3323 3323.000000 
Volumetring: S1022 structure: 54 = 1859 1859.000000 
Volumetring: S1022 structure: 58 = 450 450.000000 
Volumetring S1022 done
S1023.anat/first_results was found
Volumetring: S1023 structure: 10 = 7848 7848.000000 
Volumetring: S1023 structure: 11 = 3758 3758.000000 
Volumetring: S1023 structure: 12 = 5132 5132.000000 
Volumetring: S1023 structure: 13 = 1851 1851.000000 
Volumetring: S1023 structure: 16 = 21413 21413.000000 
Volumetring: S1023 structure: 17 = 3134 3134.000000 
Volumetring: S1023 structure: 18 = 1341 1341.000000 
Volumetring: S1023 structure: 26 = 656 656.000000 
Volumetring: S1023 structure: 49 = 7949 7949.000000 
Volumetring: S1023 structure: 50 = 4074 4074.000000 
Volumetring: S1023 structure: 51 = 5114 5114.000000 
Volumetring: S1023 structure: 52 = 1804 1804.000000 
Volumetring: S1023 structure: 53 = 3961 3961.000000 
Volumetring: S1023 structure: 54 = 1386 1386.000000 
Volumetring: S1023 structure: 58 = 556 556.000000 
Volumetring S1023 done
S1024.anat/first_results was found
Volumetring: S1024 structure: 10 = 9465 9465.000000 
Volumetring: S1024 structure: 11 = 5344 5344.000000 
Volumetring: S1024 structure: 12 = 6366 6366.000000 
Volumetring: S1024 structure: 13 = 1826 1826.000000 
Volumetring: S1024 structure: 16 = 23058 23058.000000 
Volumetring: S1024 structure: 17 = 4399 4399.000000 
Volumetring: S1024 structure: 18 = 1591 1591.000000 
Volumetring: S1024 structure: 26 = 707 707.000000 
Volumetring: S1024 structure: 49 = 9063 9063.000000 
Volumetring: S1024 structure: 50 = 5750 5750.000000 
Volumetring: S1024 structure: 51 = 6180 6180.000000 
Volumetring: S1024 structure: 52 = 2331 2331.000000 
Volumetring: S1024 structure: 53 = 4012 4012.000000 
Volumetring: S1024 structure: 54 = 1930 1930.000000 
Volumetring: S1024 structure: 58 = 678 678.000000 
Volumetring S1024 done
S1025.anat/first_results was found
Volumetring: S1025 structure: 10 = 8965 8965.000000 
Volumetring: S1025 structure: 11 = 4301 4301.000000 
Volumetring: S1025 structure: 12 = 5305 5305.000000 
Volumetring: S1025 structure: 13 = 1880 1880.000000 
Volumetring: S1025 structure: 16 = 25248 25248.000000 
Volumetring: S1025 structure: 17 = 4459 4459.000000 
Volumetring: S1025 structure: 18 = 1613 1613.000000 
Volumetring: S1025 structure: 26 = 559 559.000000 
Volumetring: S1025 structure: 49 = 8967 8967.000000 
Volumetring: S1025 structure: 50 = 4504 4504.000000 
Volumetring: S1025 structure: 51 = 4982 4982.000000 
Volumetring: S1025 structure: 52 = 1908 1908.000000 
Volumetring: S1025 structure: 53 = 4531 4531.000000 
Volumetring: S1025 structure: 54 = 1779 1779.000000 
Volumetring: S1025 structure: 58 = 421 421.000000 
Volumetring S1025 done
S1026.anat/first_results was found
Volumetring: S1026 structure: 10 = 8925 8925.000000 
Volumetring: S1026 structure: 11 = 3723 3723.000000 
Volumetring: S1026 structure: 12 = 6077 6077.000000 
Volumetring: S1026 structure: 13 = 1847 1847.000000 
Volumetring: S1026 structure: 16 = 21893 21893.000000 
Volumetring: S1026 structure: 17 = 3888 3888.000000 
Volumetring: S1026 structure: 18 = 1496 1496.000000 
Volumetring: S1026 structure: 26 = 680 680.000000 
Volumetring: S1026 structure: 49 = 8502 8502.000000 
Volumetring: S1026 structure: 50 = 3863 3863.000000 
Volumetring: S1026 structure: 51 = 5932 5932.000000 
Volumetring: S1026 structure: 52 = 1841 1841.000000 
Volumetring: S1026 structure: 53 = 3485 3485.000000 
Volumetring: S1026 structure: 54 = 1468 1468.000000 
Volumetring: S1026 structure: 58 = 452 452.000000 
Volumetring S1026 done
S1027.anat/first_results was found
Volumetring: S1027 structure: 10 = 7853 7853.000000 
Volumetring: S1027 structure: 11 = 3527 3527.000000 
Volumetring: S1027 structure: 12 = 4796 4796.000000 
Volumetring: S1027 structure: 13 = 1626 1626.000000 
Volumetring: S1027 structure: 16 = 20918 20918.000000 
Volumetring: S1027 structure: 17 = 3505 3505.000000 
Volumetring: S1027 structure: 18 = 1490 1490.000000 
Volumetring: S1027 structure: 26 = 553 553.000000 
Volumetring: S1027 structure: 49 = 7808 7808.000000 
Volumetring: S1027 structure: 50 = 3694 3694.000000 
Volumetring: S1027 structure: 51 = 4601 4601.000000 
Volumetring: S1027 structure: 52 = 1672 1672.000000 
Volumetring: S1027 structure: 53 = 3078 3078.000000 
Volumetring: S1027 structure: 54 = 1740 1740.000000 
Volumetring: S1027 structure: 58 = 394 394.000000 
Volumetring S1027 done
S1028.anat/first_results was found
Volumetring: S1028 structure: 10 = 9187 9187.000000 
Volumetring: S1028 structure: 11 = 4339 4339.000000 
Volumetring: S1028 structure: 12 = 5290 5290.000000 
Volumetring: S1028 structure: 13 = 1837 1837.000000 
Volumetring: S1028 structure: 16 = 22292 22292.000000 
Volumetring: S1028 structure: 17 = 4036 4036.000000 
Volumetring: S1028 structure: 18 = 1571 1571.000000 
Volumetring: S1028 structure: 26 = 516 516.000000 
Volumetring: S1028 structure: 49 = 8689 8689.000000 
Volumetring: S1028 structure: 50 = 4332 4332.000000 
Volumetring: S1028 structure: 51 = 5109 5109.000000 
Volumetring: S1028 structure: 52 = 1841 1841.000000 
Volumetring: S1028 structure: 53 = 4151 4151.000000 
Volumetring: S1028 structure: 54 = 1467 1467.000000 
Volumetring: S1028 structure: 58 = 422 422.000000 
Volumetring S1028 done
S1029.anat/first_results was found
Volumetring: S1029 structure: 10 = 7452 7452.000000 
Volumetring: S1029 structure: 11 = 3845 3845.000000 
Volumetring: S1029 structure: 12 = 5435 5435.000000 
Volumetring: S1029 structure: 13 = 1602 1602.000000 
Volumetring: S1029 structure: 16 = 20900 20900.000000 
Volumetring: S1029 structure: 17 = 3400 3400.000000 
Volumetring: S1029 structure: 18 = 1427 1427.000000 
Volumetring: S1029 structure: 26 = 555 555.000000 
Volumetring: S1029 structure: 49 = 7419 7419.000000 
Volumetring: S1029 structure: 50 = 3797 3797.000000 
Volumetring: S1029 structure: 51 = 5381 5381.000000 
Volumetring: S1029 structure: 52 = 1678 1678.000000 
Volumetring: S1029 structure: 53 = 3250 3250.000000 
Volumetring: S1029 structure: 54 = 1251 1251.000000 
Volumetring: S1029 structure: 58 = 428 428.000000 
Volumetring S1029 done
S1030.anat/first_results was found
Volumetring: S1030 structure: 10 = 15578 7975.936035 
Volumetring: S1030 structure: 11 = 7851 4019.712158 
Volumetring: S1030 structure: 12 = 9807 5021.184082 
Volumetring: S1030 structure: 13 = 3576 1830.911987 
Volumetring: S1030 structure: 16 = 41674 21337.087891 
Volumetring: S1030 structure: 17 = 6741 3451.391846 
Volumetring: S1030 structure: 18 = 2519 1289.727905 
Volumetring: S1030 structure: 26 = 948 485.375977 
Volumetring: S1030 structure: 49 = 15284 7825.407715 
Volumetring: S1030 structure: 50 = 8250 4223.999512 
Volumetring: S1030 structure: 51 = 9659 4945.407715 
Volumetring: S1030 structure: 52 = 3570 1827.839844 
Volumetring: S1030 structure: 53 = 6947 3556.863770 
Volumetring: S1030 structure: 54 = 3049 1561.088013 
Volumetring: S1030 structure: 58 = 879 450.048004 
Volumetring S1030 done
S1031.anat/first_results was found
Volumetring: S1031 structure: 10 = 7793 7793.000000 
Volumetring: S1031 structure: 11 = 3569 3569.000000 
Volumetring: S1031 structure: 12 = 4363 4363.000000 
Volumetring: S1031 structure: 13 = 1604 1604.000000 
Volumetring: S1031 structure: 16 = 18534 18534.000000 
Volumetring: S1031 structure: 17 = 3714 3714.000000 
Volumetring: S1031 structure: 18 = 1509 1509.000000 
Volumetring: S1031 structure: 26 = 579 579.000000 
Volumetring: S1031 structure: 49 = 7562 7562.000000 
Volumetring: S1031 structure: 50 = 3750 3750.000000 
Volumetring: S1031 structure: 51 = 4304 4304.000000 
Volumetring: S1031 structure: 52 = 1624 1624.000000 
Volumetring: S1031 structure: 53 = 4126 4126.000000 
Volumetring: S1031 structure: 54 = 1299 1299.000000 
Volumetring: S1031 structure: 58 = 446 446.000000 
Volumetring S1031 done
S1032.anat/first_results was found
Volumetring: S1032 structure: 10 = 7853 7853.000000 
Volumetring: S1032 structure: 11 = 3527 3527.000000 
Volumetring: S1032 structure: 12 = 4796 4796.000000 
Volumetring: S1032 structure: 13 = 1626 1626.000000 
Volumetring: S1032 structure: 16 = 20918 20918.000000 
Volumetring: S1032 structure: 17 = 3505 3505.000000 
Volumetring: S1032 structure: 18 = 1490 1490.000000 
Volumetring: S1032 structure: 26 = 553 553.000000 
Volumetring: S1032 structure: 49 = 7808 7808.000000 
Volumetring: S1032 structure: 50 = 3694 3694.000000 
Volumetring: S1032 structure: 51 = 4601 4601.000000 
Volumetring: S1032 structure: 52 = 1672 1672.000000 
Volumetring: S1032 structure: 53 = 3078 3078.000000 
Volumetring: S1032 structure: 54 = 1740 1740.000000 
Volumetring: S1032 structure: 58 = 394 394.000000 
Volumetring S1032 done
