To start using FSL, first run 'source $FSLDIR/etc/fslconf/fsl.sh'

FSL/6.0.7.9
Fri Aug  9 14:10:26 BST 2024
Reorienting to standard orientation
Fri Aug  9 14:10:42 BST 2024
Automatically cropping the image
Starting Single Image Segmentation
T1-weighted image
Imagesize : 208 x 256 x 170
Pixelsize : 1 x 1 x 1

1 6.49678
2 6.82002
3 7.11883
KMeans Iteration 0
KMeans Iteration 1
KMeans Iteration 2
KMeans Iteration 3
KMeans Iteration 4
KMeans Iteration 5
KMeans Iteration 6
KMeans Iteration 7
KMeans Iteration 8
KMeans Iteration 9
KMeans Iteration 10
KMeans Iteration 11
KMeans Iteration 12
KMeans Iteration 13
KMeans Iteration 14
Tanaka Iteration 0 bias field 10
Tanaka-inner-loop-iteration=0 MRFWeightsTotal=2.08783e+07 beta=0.02
Tanaka-inner-loop-iteration=1 MRFWeightsTotal=2.11601e+07 beta=0.02
Tanaka-inner-loop-iteration=2 MRFWeightsTotal=2.11669e+07 beta=0.02
Tanaka-inner-loop-iteration=3 MRFWeightsTotal=2.1167e+07 beta=0.02
Tanaka-inner-loop-iteration=4 MRFWeightsTotal=2.1167e+07 beta=0.02
 CLASS 1 MEAN 538.234 STDDEV 545.386 CLASS 2 MEAN 825.977 STDDEV 144.833 CLASS 3 MEAN 1256.36 STDDEV 154.205
Tanaka Iteration 1 bias field 10
Tanaka-inner-loop-iteration=0 MRFWeightsTotal=2.11186e+07 beta=0.02
Tanaka-inner-loop-iteration=1 MRFWeightsTotal=2.13913e+07 beta=0.02
Tanaka-inner-loop-iteration=2 MRFWeightsTotal=2.13976e+07 beta=0.02
Tanaka-inner-loop-iteration=3 MRFWeightsTotal=2.13977e+07 beta=0.02
Tanaka-inner-loop-iteration=4 MRFWeightsTotal=2.13977e+07 beta=0.02
 CLASS 1 MEAN 523.82 STDDEV 521.152 CLASS 2 MEAN 833.301 STDDEV 141.203 CLASS 3 MEAN 1236.07 STDDEV 134.926
Tanaka Iteration 2 bias field 10
Tanaka-inner-loop-iteration=0 MRFWeightsTotal=2.12773e+07 beta=0.02
Tanaka-inner-loop-iteration=1 MRFWeightsTotal=2.15423e+07 beta=0.02
Tanaka-inner-loop-iteration=2 MRFWeightsTotal=2.15482e+07 beta=0.02
Tanaka-inner-loop-iteration=3 MRFWeightsTotal=2.15483e+07 beta=0.02
Tanaka-inner-loop-iteration=4 MRFWeightsTotal=2.15484e+07 beta=0.02
 CLASS 1 MEAN 526.035 STDDEV 522.904 CLASS 2 MEAN 836.981 STDDEV 136.963 CLASS 3 MEAN 1231.03 STDDEV 124.347
Tanaka Iteration 3 bias field 10
Tanaka-inner-loop-iteration=0 MRFWeightsTotal=2.14017e+07 beta=0.02
Tanaka-inner-loop-iteration=1 MRFWeightsTotal=2.16611e+07 beta=0.02
Tanaka-inner-loop-iteration=2 MRFWeightsTotal=2.16668e+07 beta=0.02
Tanaka-inner-loop-iteration=3 MRFWeightsTotal=2.16669e+07 beta=0.02
Tanaka-inner-loop-iteration=4 MRFWeightsTotal=2.16669e+07 beta=0.02
 CLASS 1 MEAN 529.426 STDDEV 526.075 CLASS 2 MEAN 839.56 STDDEV 133.763 CLASS 3 MEAN 1230.17 STDDEV 117.41
Tanaka Iteration 4 bias field 10
Tanaka-inner-loop-iteration=0 MRFWeightsTotal=2.15008e+07 beta=0.02
Tanaka-inner-loop-iteration=1 MRFWeightsTotal=2.17552e+07 beta=0.02
Tanaka-inner-loop-iteration=2 MRFWeightsTotal=2.17608e+07 beta=0.02
Tanaka-inner-loop-iteration=3 MRFWeightsTotal=2.17609e+07 beta=0.02
Tanaka-inner-loop-iteration=4 MRFWeightsTotal=2.17609e+07 beta=0.02
 CLASS 1 MEAN 532.609 STDDEV 529.09 CLASS 2 MEAN 841.774 STDDEV 131.507 CLASS 3 MEAN 1230.69 STDDEV 112.318
Tanaka Iteration 5 bias field 10
Tanaka-inner-loop-iteration=0 MRFWeightsTotal=2.15784e+07 beta=0.02
Tanaka-inner-loop-iteration=1 MRFWeightsTotal=2.18296e+07 beta=0.02
Tanaka-inner-loop-iteration=2 MRFWeightsTotal=2.18351e+07 beta=0.02
Tanaka-inner-loop-iteration=3 MRFWeightsTotal=2.18352e+07 beta=0.02
Tanaka-inner-loop-iteration=4 MRFWeightsTotal=2.18352e+07 beta=0.02
 CLASS 1 MEAN 535.429 STDDEV 531.772 CLASS 2 MEAN 843.782 STDDEV 129.956 CLASS 3 MEAN 1231.65 STDDEV 108.34
Tanaka Iteration 6 bias field 10
Tanaka-inner-loop-iteration=0 MRFWeightsTotal=2.16398e+07 beta=0.02
Tanaka-inner-loop-iteration=1 MRFWeightsTotal=2.18885e+07 beta=0.02
Tanaka-inner-loop-iteration=2 MRFWeightsTotal=2.18938e+07 beta=0.02
Tanaka-inner-loop-iteration=3 MRFWeightsTotal=2.1894e+07 beta=0.02
Tanaka-inner-loop-iteration=4 MRFWeightsTotal=2.1894e+07 beta=0.02
 CLASS 1 MEAN 537.878 STDDEV 534.108 CLASS 2 MEAN 845.6 STDDEV 128.931 CLASS 3 MEAN 1232.71 STDDEV 105.111
Tanaka Iteration 7 bias field 10
Tanaka-inner-loop-iteration=0 MRFWeightsTotal=2.16891e+07 beta=0.02
Tanaka-inner-loop-iteration=1 MRFWeightsTotal=2.19357e+07 beta=0.02
Tanaka-inner-loop-iteration=2 MRFWeightsTotal=2.19411e+07 beta=0.02
Tanaka-inner-loop-iteration=3 MRFWeightsTotal=2.19412e+07 beta=0.02
Tanaka-inner-loop-iteration=4 MRFWeightsTotal=2.19412e+07 beta=0.02
 CLASS 1 MEAN 539.981 STDDEV 536.127 CLASS 2 MEAN 847.225 STDDEV 128.271 CLASS 3 MEAN 1233.76 STDDEV 102.402
Tanaka Iteration 8 bias field 10
Tanaka-inner-loop-iteration=0 MRFWeightsTotal=2.17281e+07 beta=0.02
Tanaka-inner-loop-iteration=1 MRFWeightsTotal=2.19734e+07 beta=0.02
Tanaka-inner-loop-iteration=2 MRFWeightsTotal=2.19787e+07 beta=0.02
Tanaka-inner-loop-iteration=3 MRFWeightsTotal=2.19788e+07 beta=0.02
Tanaka-inner-loop-iteration=4 MRFWeightsTotal=2.19788e+07 beta=0.02
 CLASS 1 MEAN 541.778 STDDEV 537.864 CLASS 2 MEAN 848.665 STDDEV 127.882 CLASS 3 MEAN 1234.76 STDDEV 100.15
Tanaka Iteration 9 bias field 10
Tanaka-inner-loop-iteration=0 MRFWeightsTotal=2.17603e+07 beta=0.02
Tanaka-inner-loop-iteration=1 MRFWeightsTotal=2.20042e+07 beta=0.02
Tanaka-inner-loop-iteration=2 MRFWeightsTotal=2.20095e+07 beta=0.02
Tanaka-inner-loop-iteration=3 MRFWeightsTotal=2.20096e+07 beta=0.02
Tanaka-inner-loop-iteration=4 MRFWeightsTotal=2.20096e+07 beta=0.02
 CLASS 1 MEAN 543.287 STDDEV 539.328 CLASS 2 MEAN 849.925 STDDEV 127.685 CLASS 3 MEAN 1235.69 STDDEV 98.1774

 tissue 1 838668
 tissue 2 835801
 tissue 3 681336
 total tissue 2.35581e+06
Fri Aug  9 14:15:47 BST 2024
Extrapolating bias field from central region
Cost is 8.96109e-06
Cost is 8.20269e-07
Fri Aug  9 14:16:12 BST 2024
Registering to standard space (linear)
Fri Aug  9 14:16:41 BST 2024
Registering to standard space (non-linear)
Fri Aug  9 14:20:11 BST 2024
Performing brain extraction (using FNIRT)
Fri Aug  9 14:21:27 BST 2024
Performing tissue-type segmentation
Cost is 3.6777e-07
Cost is 4.62039e-08
Skull-constrained registration (linear)
Fri Aug  9 14:26:45 BST 2024
Performing subcortical segmentation
initial registration 0
Stage 2: use subcortical mask
3548379
Fri Aug  9 14:29:49 BST 2024
Cleaning up intermediate files
