To start using FSL, first run 'source $FSLDIR/etc/fslconf/fsl.sh'

FSL/6.0.7.9
S1033.anat/first_results was found
Volumetring: S1033 structure: 10 = 7768 7768.000000 
Volumetring: S1033 structure: 11 = 3773 3773.000000 
Volumetring: S1033 structure: 12 = 4741 4741.000000 
Volumetring: S1033 structure: 13 = 1670 1670.000000 
Volumetring: S1033 structure: 16 = 19739 19739.000000 
Volumetring: S1033 structure: 17 = 3688 3688.000000 
Volumetring: S1033 structure: 18 = 1368 1368.000000 
Volumetring: S1033 structure: 26 = 523 523.000000 
Volumetring: S1033 structure: 49 = 7555 7555.000000 
Volumetring: S1033 structure: 50 = 3860 3860.000000 
Volumetring: S1033 structure: 51 = 4710 4710.000000 
Volumetring: S1033 structure: 52 = 1643 1643.000000 
Volumetring: S1033 structure: 53 = 3367 3367.000000 
Volumetring: S1033 structure: 54 = 1605 1605.000000 
Volumetring: S1033 structure: 58 = 464 464.000000 
Volumetring S1033 done
S1034.anat/first_results was found
Volumetring: S1034 structure: 10 = 8045 8045.000000 
Volumetring: S1034 structure: 11 = 3152 3152.000000 
Volumetring: S1034 structure: 12 = 4638 4638.000000 
Volumetring: S1034 structure: 13 = 1743 1743.000000 
Volumetring: S1034 structure: 16 = 21794 21794.000000 
Volumetring: S1034 structure: 17 = 3419 3419.000000 
Volumetring: S1034 structure: 18 = 1189 1189.000000 
Volumetring: S1034 structure: 26 = 505 505.000000 
Volumetring: S1034 structure: 49 = 7995 7995.000000 
Volumetring: S1034 structure: 50 = 3409 3409.000000 
Volumetring: S1034 structure: 51 = 4683 4683.000000 
Volumetring: S1034 structure: 52 = 1726 1726.000000 
Volumetring: S1034 structure: 53 = 3791 3791.000000 
Volumetring: S1034 structure: 54 = 1579 1579.000000 
Volumetring: S1034 structure: 58 = 415 415.000000 
Volumetring S1034 done
S1035.anat/first_results was found
Volumetring: S1035 structure: 10 = 7779 7779.000000 
Volumetring: S1035 structure: 11 = 4086 4086.000000 
Volumetring: S1035 structure: 12 = 5191 5191.000000 
Volumetring: S1035 structure: 13 = 1889 1889.000000 
Volumetring: S1035 structure: 16 = 21097 21097.000000 
Volumetring: S1035 structure: 17 = 3495 3495.000000 
Volumetring: S1035 structure: 18 = 1411 1411.000000 
Volumetring: S1035 structure: 26 = 518 518.000000 
Volumetring: S1035 structure: 49 = 7953 7953.000000 
Volumetring: S1035 structure: 50 = 3742 3742.000000 
Volumetring: S1035 structure: 51 = 5002 5002.000000 
Volumetring: S1035 structure: 52 = 1728 1728.000000 
Volumetring: S1035 structure: 53 = 3577 3577.000000 
Volumetring: S1035 structure: 54 = 2247 2247.000000 
Volumetring: S1035 structure: 58 = 441 441.000000 
Volumetring S1035 done
S1036.anat/first_results was found
Volumetring: S1036 structure: 10 = 9299 9299.000000 
Volumetring: S1036 structure: 11 = 3962 3962.000000 
Volumetring: S1036 structure: 12 = 5315 5315.000000 
Volumetring: S1036 structure: 13 = 2061 2061.000000 
Volumetring: S1036 structure: 16 = 25088 25088.000000 
Volumetring: S1036 structure: 17 = 4076 4076.000000 
Volumetring: S1036 structure: 18 = 1943 1943.000000 
Volumetring: S1036 structure: 26 = 598 598.000000 
Volumetring: S1036 structure: 49 = 8634 8634.000000 
Volumetring: S1036 structure: 50 = 4358 4358.000000 
Volumetring: S1036 structure: 51 = 5919 5919.000000 
Volumetring: S1036 structure: 52 = 2215 2215.000000 
Volumetring: S1036 structure: 53 = 3539 3539.000000 
Volumetring: S1036 structure: 54 = 1191 1191.000000 
Volumetring: S1036 structure: 58 = 528 528.000000 
Volumetring S1036 done
S1037.anat/first_results was found
Volumetring: S1037 structure: 10 = 7774 7774.000000 
Volumetring: S1037 structure: 11 = 3502 3502.000000 
Volumetring: S1037 structure: 12 = 4686 4686.000000 
Volumetring: S1037 structure: 13 = 1668 1668.000000 
Volumetring: S1037 structure: 16 = 18236 18236.000000 
Volumetring: S1037 structure: 17 = 3626 3626.000000 
Volumetring: S1037 structure: 18 = 914 914.000000 
Volumetring: S1037 structure: 26 = 489 489.000000 
Volumetring: S1037 structure: 49 = 7495 7495.000000 
Volumetring: S1037 structure: 50 = 3577 3577.000000 
Volumetring: S1037 structure: 51 = 4494 4494.000000 
Volumetring: S1037 structure: 52 = 1668 1668.000000 
Volumetring: S1037 structure: 53 = 3638 3638.000000 
Volumetring: S1037 structure: 54 = 1229 1229.000000 
Volumetring: S1037 structure: 58 = 351 351.000000 
Volumetring S1037 done
S1038.anat/first_results was found
Volumetring: S1038 structure: 10 = 7628 7628.000000 
Volumetring: S1038 structure: 11 = 3789 3789.000000 
Volumetring: S1038 structure: 12 = 5425 5425.000000 
Volumetring: S1038 structure: 13 = 2152 2152.000000 
Volumetring: S1038 structure: 16 = 20657 20657.000000 
Volumetring: S1038 structure: 17 = 3561 3561.000000 
Volumetring: S1038 structure: 18 = 1353 1353.000000 
Volumetring: S1038 structure: 26 = 552 552.000000 
Volumetring: S1038 structure: 49 = 8052 8052.000000 
Volumetring: S1038 structure: 50 = 3800 3800.000000 
Volumetring: S1038 structure: 51 = 5042 5042.000000 
Volumetring: S1038 structure: 52 = 1984 1984.000000 
Volumetring: S1038 structure: 53 = 4461 4461.000000 
Volumetring: S1038 structure: 54 = 1330 1330.000000 
Volumetring: S1038 structure: 58 = 493 493.000000 
Volumetring S1038 done
S1039.anat/first_results was found
Volumetring: S1039 structure: 10 = 8276 8276.000000 
Volumetring: S1039 structure: 11 = 3846 3846.000000 
Volumetring: S1039 structure: 12 = 4756 4756.000000 
Volumetring: S1039 structure: 13 = 1884 1884.000000 
Volumetring: S1039 structure: 16 = 20374 20374.000000 
Volumetring: S1039 structure: 17 = 3914 3914.000000 
Volumetring: S1039 structure: 18 = 1502 1502.000000 
Volumetring: S1039 structure: 26 = 413 413.000000 
Volumetring: S1039 structure: 49 = 7888 7888.000000 
Volumetring: S1039 structure: 50 = 4021 4021.000000 
Volumetring: S1039 structure: 51 = 4917 4917.000000 
Volumetring: S1039 structure: 52 = 1940 1940.000000 
Volumetring: S1039 structure: 53 = 4050 4050.000000 
Volumetring: S1039 structure: 54 = 1669 1669.000000 
Volumetring: S1039 structure: 58 = 464 464.000000 
Volumetring S1039 done
S1040.anat/first_results was found
Volumetring: S1040 structure: 10 = 6926 6926.000000 
Volumetring: S1040 structure: 11 = 3165 3165.000000 
Volumetring: S1040 structure: 12 = 4889 4889.000000 
Volumetring: S1040 structure: 13 = 1507 1507.000000 
Volumetring: S1040 structure: 16 = 16001 16001.000000 
Volumetring: S1040 structure: 17 = 3323 3323.000000 
Volumetring: S1040 structure: 18 = 1180 1180.000000 
Volumetring: S1040 structure: 26 = 467 467.000000 
Volumetring: S1040 structure: 49 = 6764 6764.000000 
Volumetring: S1040 structure: 50 = 3261 3261.000000 
Volumetring: S1040 structure: 51 = 4683 4683.000000 
Volumetring: S1040 structure: 52 = 1535 1535.000000 
Volumetring: S1040 structure: 53 = 3358 3358.000000 
Volumetring: S1040 structure: 54 = 1326 1326.000000 
Volumetring: S1040 structure: 58 = 429 429.000000 
Volumetring S1040 done
S1041.anat/first_results was found
Volumetring: S1041 structure: 10 = 8076 8076.000000 
Volumetring: S1041 structure: 11 = 3588 3588.000000 
Volumetring: S1041 structure: 12 = 5481 5481.000000 
Volumetring: S1041 structure: 13 = 1826 1826.000000 
Volumetring: S1041 structure: 16 = 21267 21267.000000 
Volumetring: S1041 structure: 17 = 4035 4035.000000 
Volumetring: S1041 structure: 18 = 1423 1423.000000 
Volumetring: S1041 structure: 26 = 559 559.000000 
Volumetring: S1041 structure: 49 = 8126 8126.000000 
Volumetring: S1041 structure: 50 = 3439 3439.000000 
Volumetring: S1041 structure: 51 = 5109 5109.000000 
Volumetring: S1041 structure: 52 = 1706 1706.000000 
Volumetring: S1041 structure: 53 = 3936 3936.000000 
Volumetring: S1041 structure: 54 = 1558 1558.000000 
Volumetring: S1041 structure: 58 = 528 528.000000 
Volumetring S1041 done
S1042.anat/first_results was found
Volumetring: S1042 structure: 10 = 8205 8205.000000 
Volumetring: S1042 structure: 11 = 2928 2928.000000 
Volumetring: S1042 structure: 12 = 4743 4743.000000 
Volumetring: S1042 structure: 13 = 1634 1634.000000 
Volumetring: S1042 structure: 16 = 20454 20454.000000 
Volumetring: S1042 structure: 17 = 3647 3647.000000 
Volumetring: S1042 structure: 18 = 1200 1200.000000 
Volumetring: S1042 structure: 26 = 615 615.000000 
Volumetring: S1042 structure: 49 = 7740 7740.000000 
Volumetring: S1042 structure: 50 = 3103 3103.000000 
Volumetring: S1042 structure: 51 = 4702 4702.000000 
Volumetring: S1042 structure: 52 = 1704 1704.000000 
Volumetring: S1042 structure: 53 = 3635 3635.000000 
Volumetring: S1042 structure: 54 = 1326 1326.000000 
Volumetring: S1042 structure: 58 = 426 426.000000 
Volumetring S1042 done
