To start using FSL, first run 'source $FSLDIR/etc/fslconf/fsl.sh'

FSL/6.0.7.9
Fri Aug  9 16:28:37 BST 2024
Reorienting to standard orientation
Fri Aug  9 16:28:52 BST 2024
Automatically cropping the image
Starting Single Image Segmentation
T1-weighted image
Imagesize : 208 x 256 x 170
Pixelsize : 1 x 1 x 1

1 6.12905
2 6.64509
3 6.95559
KMeans Iteration 0
KMeans Iteration 1
KMeans Iteration 2
KMeans Iteration 3
KMeans Iteration 4
KMeans Iteration 5
KMeans Iteration 6
KMeans Iteration 7
KMeans Iteration 8
KMeans Iteration 9
KMeans Iteration 10
KMeans Iteration 11
KMeans Iteration 12
KMeans Iteration 13
KMeans Iteration 14
Tanaka Iteration 0 bias field 10
Tanaka-inner-loop-iteration=0 MRFWeightsTotal=2.75492e+07 beta=0.02
Tanaka-inner-loop-iteration=1 MRFWeightsTotal=2.79515e+07 beta=0.02
Tanaka-inner-loop-iteration=2 MRFWeightsTotal=2.79627e+07 beta=0.02
Tanaka-inner-loop-iteration=3 MRFWeightsTotal=2.79631e+07 beta=0.02
Tanaka-inner-loop-iteration=4 MRFWeightsTotal=2.79631e+07 beta=0.02
 CLASS 1 MEAN 292.353 STDDEV 368.599 CLASS 2 MEAN 713.002 STDDEV 172.702 CLASS 3 MEAN 1089.59 STDDEV 207.71
Tanaka Iteration 1 bias field 10
Tanaka-inner-loop-iteration=0 MRFWeightsTotal=2.76057e+07 beta=0.02
Tanaka-inner-loop-iteration=1 MRFWeightsTotal=2.79966e+07 beta=0.02
Tanaka-inner-loop-iteration=2 MRFWeightsTotal=2.80073e+07 beta=0.02
Tanaka-inner-loop-iteration=3 MRFWeightsTotal=2.80076e+07 beta=0.02
Tanaka-inner-loop-iteration=4 MRFWeightsTotal=2.80077e+07 beta=0.02
 CLASS 1 MEAN 282.743 STDDEV 344.32 CLASS 2 MEAN 720.486 STDDEV 165.967 CLASS 3 MEAN 1051.81 STDDEV 184.577
Tanaka Iteration 2 bias field 10
Tanaka-inner-loop-iteration=0 MRFWeightsTotal=2.76011e+07 beta=0.02
Tanaka-inner-loop-iteration=1 MRFWeightsTotal=2.79848e+07 beta=0.02
Tanaka-inner-loop-iteration=2 MRFWeightsTotal=2.79952e+07 beta=0.02
Tanaka-inner-loop-iteration=3 MRFWeightsTotal=2.79955e+07 beta=0.02
Tanaka-inner-loop-iteration=4 MRFWeightsTotal=2.79955e+07 beta=0.02
 CLASS 1 MEAN 285.828 STDDEV 350.576 CLASS 2 MEAN 723.167 STDDEV 160.812 CLASS 3 MEAN 1035.19 STDDEV 172.682
Tanaka Iteration 3 bias field 10
Tanaka-inner-loop-iteration=0 MRFWeightsTotal=2.76248e+07 beta=0.02
Tanaka-inner-loop-iteration=1 MRFWeightsTotal=2.80034e+07 beta=0.02
Tanaka-inner-loop-iteration=2 MRFWeightsTotal=2.80135e+07 beta=0.02
Tanaka-inner-loop-iteration=3 MRFWeightsTotal=2.80138e+07 beta=0.02
Tanaka-inner-loop-iteration=4 MRFWeightsTotal=2.80138e+07 beta=0.02
 CLASS 1 MEAN 291.126 STDDEV 360.308 CLASS 2 MEAN 723.931 STDDEV 157.168 CLASS 3 MEAN 1025.64 STDDEV 164.658
Tanaka Iteration 4 bias field 10
Tanaka-inner-loop-iteration=0 MRFWeightsTotal=2.76779e+07 beta=0.02
Tanaka-inner-loop-iteration=1 MRFWeightsTotal=2.80537e+07 beta=0.02
Tanaka-inner-loop-iteration=2 MRFWeightsTotal=2.80636e+07 beta=0.02
Tanaka-inner-loop-iteration=3 MRFWeightsTotal=2.80639e+07 beta=0.02
Tanaka-inner-loop-iteration=4 MRFWeightsTotal=2.80639e+07 beta=0.02
 CLASS 1 MEAN 296.311 STDDEV 369.619 CLASS 2 MEAN 723.754 STDDEV 154.347 CLASS 3 MEAN 1019.44 STDDEV 158.504
Tanaka Iteration 5 bias field 10
Tanaka-inner-loop-iteration=0 MRFWeightsTotal=2.77552e+07 beta=0.02
Tanaka-inner-loop-iteration=1 MRFWeightsTotal=2.81285e+07 beta=0.02
Tanaka-inner-loop-iteration=2 MRFWeightsTotal=2.81383e+07 beta=0.02
Tanaka-inner-loop-iteration=3 MRFWeightsTotal=2.81386e+07 beta=0.02
Tanaka-inner-loop-iteration=4 MRFWeightsTotal=2.81386e+07 beta=0.02
 CLASS 1 MEAN 300.9 STDDEV 377.786 CLASS 2 MEAN 723.078 STDDEV 151.952 CLASS 3 MEAN 1015.22 STDDEV 153.417
Tanaka Iteration 6 bias field 10
Tanaka-inner-loop-iteration=0 MRFWeightsTotal=2.7848e+07 beta=0.02
Tanaka-inner-loop-iteration=1 MRFWeightsTotal=2.82194e+07 beta=0.02
Tanaka-inner-loop-iteration=2 MRFWeightsTotal=2.82291e+07 beta=0.02
Tanaka-inner-loop-iteration=3 MRFWeightsTotal=2.82293e+07 beta=0.02
Tanaka-inner-loop-iteration=4 MRFWeightsTotal=2.82293e+07 beta=0.02
 CLASS 1 MEAN 304.864 STDDEV 384.794 CLASS 2 MEAN 722.151 STDDEV 149.787 CLASS 3 MEAN 1012.33 STDDEV 149.109
Tanaka Iteration 7 bias field 10
Tanaka-inner-loop-iteration=0 MRFWeightsTotal=2.79516e+07 beta=0.02
Tanaka-inner-loop-iteration=1 MRFWeightsTotal=2.83212e+07 beta=0.02
Tanaka-inner-loop-iteration=2 MRFWeightsTotal=2.83307e+07 beta=0.02
Tanaka-inner-loop-iteration=3 MRFWeightsTotal=2.83309e+07 beta=0.02
Tanaka-inner-loop-iteration=4 MRFWeightsTotal=2.8331e+07 beta=0.02
 CLASS 1 MEAN 308.24 STDDEV 390.707 CLASS 2 MEAN 721.136 STDDEV 147.759 CLASS 3 MEAN 1010.43 STDDEV 145.366
Tanaka Iteration 8 bias field 10
Tanaka-inner-loop-iteration=0 MRFWeightsTotal=2.80613e+07 beta=0.02
Tanaka-inner-loop-iteration=1 MRFWeightsTotal=2.84291e+07 beta=0.02
Tanaka-inner-loop-iteration=2 MRFWeightsTotal=2.84384e+07 beta=0.02
Tanaka-inner-loop-iteration=3 MRFWeightsTotal=2.84386e+07 beta=0.02
Tanaka-inner-loop-iteration=4 MRFWeightsTotal=2.84386e+07 beta=0.02
 CLASS 1 MEAN 311.101 STDDEV 395.652 CLASS 2 MEAN 720.139 STDDEV 145.831 CLASS 3 MEAN 1009.32 STDDEV 142.109
Tanaka Iteration 9 bias field 10
Tanaka-inner-loop-iteration=0 MRFWeightsTotal=2.81733e+07 beta=0.02
Tanaka-inner-loop-iteration=1 MRFWeightsTotal=2.85396e+07 beta=0.02
Tanaka-inner-loop-iteration=2 MRFWeightsTotal=2.85486e+07 beta=0.02
Tanaka-inner-loop-iteration=3 MRFWeightsTotal=2.85489e+07 beta=0.02
Tanaka-inner-loop-iteration=4 MRFWeightsTotal=2.85489e+07 beta=0.02
 CLASS 1 MEAN 313.511 STDDEV 399.738 CLASS 2 MEAN 719.23 STDDEV 143.975 CLASS 3 MEAN 1008.82 STDDEV 139.29

 tissue 1 1.1512e+06
 tissue 2 1.06115e+06
 tissue 3 1.06161e+06
 total tissue 3.27396e+06
Fri Aug  9 16:34:31 BST 2024
Extrapolating bias field from central region
Cost is 3.87151e-06
Cost is 1.71844e-06
Fri Aug  9 16:34:55 BST 2024
Registering to standard space (linear)
Fri Aug  9 16:35:17 BST 2024
Registering to standard space (non-linear)
Fri Aug  9 16:38:11 BST 2024
Performing brain extraction (using FNIRT)
Fri Aug  9 16:39:22 BST 2024
Performing tissue-type segmentation
Cost is 3.45033e-07
Cost is 3.87271e-08
Skull-constrained registration (linear)
Fri Aug  9 16:44:22 BST 2024
Performing subcortical segmentation
initial registration 0
Stage 2: use subcortical mask
950233
Fri Aug  9 16:47:05 BST 2024
Cleaning up intermediate files
