To start using FSL, first run 'source $FSLDIR/etc/fslconf/fsl.sh'

FSL/6.0.7.9
Thu Apr 25 10:34:04 BST 2024
Reorienting to standard orientation
Thu Apr 25 10:34:21 BST 2024
Automatically cropping the image
Starting Single Image Segmentation
T1-weighted image
Imagesize : 208 x 256 x 170
Pixelsize : 1 x 1 x 1

1 6.38519
2 6.80351
3 7.14362
KMeans Iteration 0
KMeans Iteration 1
KMeans Iteration 2
KMeans Iteration 3
KMeans Iteration 4
KMeans Iteration 5
KMeans Iteration 6
KMeans Iteration 7
KMeans Iteration 8
KMeans Iteration 9
KMeans Iteration 10
KMeans Iteration 11
KMeans Iteration 12
KMeans Iteration 13
KMeans Iteration 14
Tanaka Iteration 0 bias field 10
Tanaka-inner-loop-iteration=0 MRFWeightsTotal=2.31609e+07 beta=0.02
Tanaka-inner-loop-iteration=1 MRFWeightsTotal=2.34717e+07 beta=0.02
Tanaka-inner-loop-iteration=2 MRFWeightsTotal=2.34832e+07 beta=0.02
Tanaka-inner-loop-iteration=3 MRFWeightsTotal=2.34837e+07 beta=0.02
Tanaka-inner-loop-iteration=4 MRFWeightsTotal=2.34837e+07 beta=0.02
 CLASS 1 MEAN 344.808 STDDEV 487.265 CLASS 2 MEAN 875.494 STDDEV 245.972 CLASS 3 MEAN 1269.74 STDDEV 493.718
Tanaka Iteration 1 bias field 10
Tanaka-inner-loop-iteration=0 MRFWeightsTotal=2.32293e+07 beta=0.02
Tanaka-inner-loop-iteration=1 MRFWeightsTotal=2.35191e+07 beta=0.02
Tanaka-inner-loop-iteration=2 MRFWeightsTotal=2.35296e+07 beta=0.02
Tanaka-inner-loop-iteration=3 MRFWeightsTotal=2.353e+07 beta=0.02
Tanaka-inner-loop-iteration=4 MRFWeightsTotal=2.353e+07 beta=0.02
 CLASS 1 MEAN 332.446 STDDEV 446.932 CLASS 2 MEAN 888.87 STDDEV 227.819 CLASS 3 MEAN 1218.48 STDDEV 439.277
Tanaka Iteration 2 bias field 10
Tanaka-inner-loop-iteration=0 MRFWeightsTotal=2.32544e+07 beta=0.02
Tanaka-inner-loop-iteration=1 MRFWeightsTotal=2.35362e+07 beta=0.02
Tanaka-inner-loop-iteration=2 MRFWeightsTotal=2.35463e+07 beta=0.02
Tanaka-inner-loop-iteration=3 MRFWeightsTotal=2.35467e+07 beta=0.02
Tanaka-inner-loop-iteration=4 MRFWeightsTotal=2.35467e+07 beta=0.02
 CLASS 1 MEAN 333.809 STDDEV 450.561 CLASS 2 MEAN 898.234 STDDEV 217.151 CLASS 3 MEAN 1203.09 STDDEV 425.609
Tanaka Iteration 3 bias field 10
Tanaka-inner-loop-iteration=0 MRFWeightsTotal=2.32567e+07 beta=0.02
Tanaka-inner-loop-iteration=1 MRFWeightsTotal=2.35344e+07 beta=0.02
Tanaka-inner-loop-iteration=2 MRFWeightsTotal=2.35443e+07 beta=0.02
Tanaka-inner-loop-iteration=3 MRFWeightsTotal=2.35448e+07 beta=0.02
Tanaka-inner-loop-iteration=4 MRFWeightsTotal=2.35448e+07 beta=0.02
 CLASS 1 MEAN 337.951 STDDEV 457.626 CLASS 2 MEAN 904.857 STDDEV 209.959 CLASS 3 MEAN 1195.4 STDDEV 423.35
Tanaka Iteration 4 bias field 10
Tanaka-inner-loop-iteration=0 MRFWeightsTotal=2.32499e+07 beta=0.02
Tanaka-inner-loop-iteration=1 MRFWeightsTotal=2.35256e+07 beta=0.02
Tanaka-inner-loop-iteration=2 MRFWeightsTotal=2.35355e+07 beta=0.02
Tanaka-inner-loop-iteration=3 MRFWeightsTotal=2.35359e+07 beta=0.02
Tanaka-inner-loop-iteration=4 MRFWeightsTotal=2.35359e+07 beta=0.02
 CLASS 1 MEAN 341.485 STDDEV 462.769 CLASS 2 MEAN 909.957 STDDEV 204.491 CLASS 3 MEAN 1190.04 STDDEV 426.281
Tanaka Iteration 5 bias field 10
Tanaka-inner-loop-iteration=0 MRFWeightsTotal=2.32391e+07 beta=0.02
Tanaka-inner-loop-iteration=1 MRFWeightsTotal=2.35143e+07 beta=0.02
Tanaka-inner-loop-iteration=2 MRFWeightsTotal=2.35242e+07 beta=0.02
Tanaka-inner-loop-iteration=3 MRFWeightsTotal=2.35246e+07 beta=0.02
Tanaka-inner-loop-iteration=4 MRFWeightsTotal=2.35246e+07 beta=0.02
 CLASS 1 MEAN 343.746 STDDEV 465.411 CLASS 2 MEAN 914.279 STDDEV 200.034 CLASS 3 MEAN 1185.48 STDDEV 432.328
Tanaka Iteration 6 bias field 10
Tanaka-inner-loop-iteration=0 MRFWeightsTotal=2.32271e+07 beta=0.02
Tanaka-inner-loop-iteration=1 MRFWeightsTotal=2.3503e+07 beta=0.02
Tanaka-inner-loop-iteration=2 MRFWeightsTotal=2.3513e+07 beta=0.02
Tanaka-inner-loop-iteration=3 MRFWeightsTotal=2.35134e+07 beta=0.02
Tanaka-inner-loop-iteration=4 MRFWeightsTotal=2.35135e+07 beta=0.02
 CLASS 1 MEAN 344.849 STDDEV 465.993 CLASS 2 MEAN 918.24 STDDEV 196.207 CLASS 3 MEAN 1181.11 STDDEV 440.485
Tanaka Iteration 7 bias field 10
Tanaka-inner-loop-iteration=0 MRFWeightsTotal=2.32156e+07 beta=0.02
Tanaka-inner-loop-iteration=1 MRFWeightsTotal=2.34931e+07 beta=0.02
Tanaka-inner-loop-iteration=2 MRFWeightsTotal=2.35032e+07 beta=0.02
Tanaka-inner-loop-iteration=3 MRFWeightsTotal=2.35036e+07 beta=0.02
Tanaka-inner-loop-iteration=4 MRFWeightsTotal=2.35037e+07 beta=0.02
 CLASS 1 MEAN 345.078 STDDEV 465.131 CLASS 2 MEAN 922.045 STDDEV 192.795 CLASS 3 MEAN 1176.6 STDDEV 450.078
Tanaka Iteration 8 bias field 10
Tanaka-inner-loop-iteration=0 MRFWeightsTotal=2.32048e+07 beta=0.02
Tanaka-inner-loop-iteration=1 MRFWeightsTotal=2.34848e+07 beta=0.02
Tanaka-inner-loop-iteration=2 MRFWeightsTotal=2.34951e+07 beta=0.02
Tanaka-inner-loop-iteration=3 MRFWeightsTotal=2.34955e+07 beta=0.02
Tanaka-inner-loop-iteration=4 MRFWeightsTotal=2.34955e+07 beta=0.02
 CLASS 1 MEAN 344.718 STDDEV 463.414 CLASS 2 MEAN 925.771 STDDEV 189.685 CLASS 3 MEAN 1171.75 STDDEV 460.515
Tanaka Iteration 9 bias field 10
Tanaka-inner-loop-iteration=0 MRFWeightsTotal=2.31952e+07 beta=0.02
Tanaka-inner-loop-iteration=1 MRFWeightsTotal=2.3478e+07 beta=0.02
Tanaka-inner-loop-iteration=2 MRFWeightsTotal=2.34885e+07 beta=0.02
Tanaka-inner-loop-iteration=3 MRFWeightsTotal=2.34889e+07 beta=0.02
slurmstepd: error: *** JOB 8622961 ON bear-pg0207u12b CANCELLED AT 2024-04-25T10:40:37 ***
