To start using FSL, first run 'source $FSLDIR/etc/fslconf/fsl.sh'

FSL/6.0.7.9
Fri Aug  9 14:10:25 BST 2024
Reorienting to standard orientation
Fri Aug  9 14:10:42 BST 2024
Automatically cropping the image
Starting Single Image Segmentation
T1-weighted image
Imagesize : 208 x 256 x 170
Pixelsize : 1 x 1 x 1

1 6.37161
2 6.79682
3 7.11314
KMeans Iteration 0
KMeans Iteration 1
KMeans Iteration 2
KMeans Iteration 3
KMeans Iteration 4
KMeans Iteration 5
KMeans Iteration 6
KMeans Iteration 7
KMeans Iteration 8
KMeans Iteration 9
KMeans Iteration 10
KMeans Iteration 11
KMeans Iteration 12
KMeans Iteration 13
KMeans Iteration 14
Tanaka Iteration 0 bias field 10
Tanaka-inner-loop-iteration=0 MRFWeightsTotal=2.65457e+07 beta=0.02
Tanaka-inner-loop-iteration=1 MRFWeightsTotal=2.69026e+07 beta=0.02
Tanaka-inner-loop-iteration=2 MRFWeightsTotal=2.69155e+07 beta=0.02
Tanaka-inner-loop-iteration=3 MRFWeightsTotal=2.6916e+07 beta=0.02
Tanaka-inner-loop-iteration=4 MRFWeightsTotal=2.69161e+07 beta=0.02
 CLASS 1 MEAN 328.806 STDDEV 450.886 CLASS 2 MEAN 869.212 STDDEV 235.035 CLASS 3 MEAN 1243.79 STDDEV 425.346
Tanaka Iteration 1 bias field 10
Tanaka-inner-loop-iteration=0 MRFWeightsTotal=2.67243e+07 beta=0.02
Tanaka-inner-loop-iteration=1 MRFWeightsTotal=2.70625e+07 beta=0.02
Tanaka-inner-loop-iteration=2 MRFWeightsTotal=2.70745e+07 beta=0.02
Tanaka-inner-loop-iteration=3 MRFWeightsTotal=2.7075e+07 beta=0.02
Tanaka-inner-loop-iteration=4 MRFWeightsTotal=2.7075e+07 beta=0.02
 CLASS 1 MEAN 313.417 STDDEV 411.729 CLASS 2 MEAN 882.615 STDDEV 216.145 CLASS 3 MEAN 1199.66 STDDEV 382.868
Tanaka Iteration 2 bias field 10
Tanaka-inner-loop-iteration=0 MRFWeightsTotal=2.68337e+07 beta=0.02
Tanaka-inner-loop-iteration=1 MRFWeightsTotal=2.71661e+07 beta=0.02
Tanaka-inner-loop-iteration=2 MRFWeightsTotal=2.71778e+07 beta=0.02
Tanaka-inner-loop-iteration=3 MRFWeightsTotal=2.71783e+07 beta=0.02
Tanaka-inner-loop-iteration=4 MRFWeightsTotal=2.71783e+07 beta=0.02
 CLASS 1 MEAN 312.82 STDDEV 410.827 CLASS 2 MEAN 890.813 STDDEV 204.342 CLASS 3 MEAN 1188.57 STDDEV 374.687
Tanaka Iteration 3 bias field 10
Tanaka-inner-loop-iteration=0 MRFWeightsTotal=2.69095e+07 beta=0.02
Tanaka-inner-loop-iteration=1 MRFWeightsTotal=2.72407e+07 beta=0.02
Tanaka-inner-loop-iteration=2 MRFWeightsTotal=2.72523e+07 beta=0.02
Tanaka-inner-loop-iteration=3 MRFWeightsTotal=2.72528e+07 beta=0.02
Tanaka-inner-loop-iteration=4 MRFWeightsTotal=2.72528e+07 beta=0.02
 CLASS 1 MEAN 315.403 STDDEV 413.99 CLASS 2 MEAN 896.309 STDDEV 195.968 CLASS 3 MEAN 1185.1 STDDEV 376.033
Tanaka Iteration 4 bias field 10
Tanaka-inner-loop-iteration=0 MRFWeightsTotal=2.69643e+07 beta=0.02
Tanaka-inner-loop-iteration=1 MRFWeightsTotal=2.72961e+07 beta=0.02
Tanaka-inner-loop-iteration=2 MRFWeightsTotal=2.73078e+07 beta=0.02
Tanaka-inner-loop-iteration=3 MRFWeightsTotal=2.73083e+07 beta=0.02
Tanaka-inner-loop-iteration=4 MRFWeightsTotal=2.73083e+07 beta=0.02
 CLASS 1 MEAN 317.699 STDDEV 416.064 CLASS 2 MEAN 900.505 STDDEV 189.568 CLASS 3 MEAN 1183.65 STDDEV 381.155
Tanaka Iteration 5 bias field 10
Tanaka-inner-loop-iteration=0 MRFWeightsTotal=2.70009e+07 beta=0.02
Tanaka-inner-loop-iteration=1 MRFWeightsTotal=2.73342e+07 beta=0.02
Tanaka-inner-loop-iteration=2 MRFWeightsTotal=2.73459e+07 beta=0.02
Tanaka-inner-loop-iteration=3 MRFWeightsTotal=2.73464e+07 beta=0.02
Tanaka-inner-loop-iteration=4 MRFWeightsTotal=2.73464e+07 beta=0.02
 CLASS 1 MEAN 319.064 STDDEV 416.489 CLASS 2 MEAN 904.113 STDDEV 184.531 CLASS 3 MEAN 1182.51 STDDEV 388.07
Tanaka Iteration 6 bias field 10
Tanaka-inner-loop-iteration=0 MRFWeightsTotal=2.70206e+07 beta=0.02
Tanaka-inner-loop-iteration=1 MRFWeightsTotal=2.73554e+07 beta=0.02
Tanaka-inner-loop-iteration=2 MRFWeightsTotal=2.73672e+07 beta=0.02
Tanaka-inner-loop-iteration=3 MRFWeightsTotal=2.73677e+07 beta=0.02
Tanaka-inner-loop-iteration=4 MRFWeightsTotal=2.73677e+07 beta=0.02
 CLASS 1 MEAN 319.624 STDDEV 415.71 CLASS 2 MEAN 907.478 STDDEV 180.481 CLASS 3 MEAN 1180.99 STDDEV 395.863
Tanaka Iteration 7 bias field 10
Tanaka-inner-loop-iteration=0 MRFWeightsTotal=2.70244e+07 beta=0.02
Tanaka-inner-loop-iteration=1 MRFWeightsTotal=2.73602e+07 beta=0.02
Tanaka-inner-loop-iteration=2 MRFWeightsTotal=2.7372e+07 beta=0.02
Tanaka-inner-loop-iteration=3 MRFWeightsTotal=2.73725e+07 beta=0.02
Tanaka-inner-loop-iteration=4 MRFWeightsTotal=2.73726e+07 beta=0.02
 CLASS 1 MEAN 319.639 STDDEV 414.264 CLASS 2 MEAN 910.759 STDDEV 177.196 CLASS 3 MEAN 1178.81 STDDEV 404.005
Tanaka Iteration 8 bias field 10
Tanaka-inner-loop-iteration=0 MRFWeightsTotal=2.70133e+07 beta=0.02
Tanaka-inner-loop-iteration=1 MRFWeightsTotal=2.73501e+07 beta=0.02
Tanaka-inner-loop-iteration=2 MRFWeightsTotal=2.7362e+07 beta=0.02
Tanaka-inner-loop-iteration=3 MRFWeightsTotal=2.73625e+07 beta=0.02
Tanaka-inner-loop-iteration=4 MRFWeightsTotal=2.73625e+07 beta=0.02
 CLASS 1 MEAN 319.332 STDDEV 412.585 CLASS 2 MEAN 914.021 STDDEV 174.489 CLASS 3 MEAN 1175.83 STDDEV 412.154
Tanaka Iteration 9 bias field 10
Tanaka-inner-loop-iteration=0 MRFWeightsTotal=2.699e+07 beta=0.02
Tanaka-inner-loop-iteration=1 MRFWeightsTotal=2.7327e+07 beta=0.02
Tanaka-inner-loop-iteration=2 MRFWeightsTotal=2.73389e+07 beta=0.02
Tanaka-inner-loop-iteration=3 MRFWeightsTotal=2.73394e+07 beta=0.02
Tanaka-inner-loop-iteration=4 MRFWeightsTotal=2.73394e+07 beta=0.02
 CLASS 1 MEAN 318.867 STDDEV 410.963 CLASS 2 MEAN 917.282 STDDEV 172.241 CLASS 3 MEAN 1172.06 STDDEV 420.025

 tissue 1 1.0932e+06
 tissue 2 1.27821e+06
 tissue 3 1.19854e+06
 total tissue 3.56995e+06
Fri Aug  9 14:16:33 BST 2024
Extrapolating bias field from central region
Cost is 3.56296e-06
Cost is 2.57203e-06
Fri Aug  9 14:16:55 BST 2024
Registering to standard space (linear)
Fri Aug  9 14:17:18 BST 2024
Registering to standard space (non-linear)
Fri Aug  9 14:20:41 BST 2024
Performing brain extraction (using FNIRT)
Fri Aug  9 14:21:56 BST 2024
Performing tissue-type segmentation
Cost is 8.5647e-07
Cost is 9.24715e-08
Skull-constrained registration (linear)
Fri Aug  9 14:26:38 BST 2024
Performing subcortical segmentation
initial registration 0
Stage 2: use subcortical mask
3944700
Fri Aug  9 14:29:43 BST 2024
Cleaning up intermediate files
