To start using FSL, first run 'source $FSLDIR/etc/fslconf/fsl.sh'

FSL/6.0.7.9
Fri Aug  9 14:10:24 BST 2024
Reorienting to standard orientation
Fri Aug  9 14:10:40 BST 2024
Automatically cropping the image
Starting Single Image Segmentation
T1-weighted image
Imagesize : 208 x 256 x 170
Pixelsize : 1 x 1 x 1

1 6.22851
2 6.72863
3 7.07412
KMeans Iteration 0
KMeans Iteration 1
KMeans Iteration 2
KMeans Iteration 3
KMeans Iteration 4
KMeans Iteration 5
KMeans Iteration 6
KMeans Iteration 7
KMeans Iteration 8
KMeans Iteration 9
KMeans Iteration 10
KMeans Iteration 11
KMeans Iteration 12
KMeans Iteration 13
KMeans Iteration 14
Tanaka Iteration 0 bias field 10
Tanaka-inner-loop-iteration=0 MRFWeightsTotal=2.58576e+07 beta=0.02
Tanaka-inner-loop-iteration=1 MRFWeightsTotal=2.62168e+07 beta=0.02
Tanaka-inner-loop-iteration=2 MRFWeightsTotal=2.62297e+07 beta=0.02
Tanaka-inner-loop-iteration=3 MRFWeightsTotal=2.62302e+07 beta=0.02
Tanaka-inner-loop-iteration=4 MRFWeightsTotal=2.62302e+07 beta=0.02
 CLASS 1 MEAN 285.733 STDDEV 392.405 CLASS 2 MEAN 808.564 STDDEV 235.478 CLASS 3 MEAN 1209.91 STDDEV 429.475
Tanaka Iteration 1 bias field 10
Tanaka-inner-loop-iteration=0 MRFWeightsTotal=2.59913e+07 beta=0.02
Tanaka-inner-loop-iteration=1 MRFWeightsTotal=2.6328e+07 beta=0.02
Tanaka-inner-loop-iteration=2 MRFWeightsTotal=2.63399e+07 beta=0.02
Tanaka-inner-loop-iteration=3 MRFWeightsTotal=2.63404e+07 beta=0.02
Tanaka-inner-loop-iteration=4 MRFWeightsTotal=2.63404e+07 beta=0.02
 CLASS 1 MEAN 272.882 STDDEV 355.656 CLASS 2 MEAN 823.812 STDDEV 218.961 CLASS 3 MEAN 1150.53 STDDEV 364.789
Tanaka Iteration 2 bias field 10
Tanaka-inner-loop-iteration=0 MRFWeightsTotal=2.60647e+07 beta=0.02
Tanaka-inner-loop-iteration=1 MRFWeightsTotal=2.63919e+07 beta=0.02
Tanaka-inner-loop-iteration=2 MRFWeightsTotal=2.64034e+07 beta=0.02
Tanaka-inner-loop-iteration=3 MRFWeightsTotal=2.64038e+07 beta=0.02
Tanaka-inner-loop-iteration=4 MRFWeightsTotal=2.64038e+07 beta=0.02
 CLASS 1 MEAN 271.895 STDDEV 354.974 CLASS 2 MEAN 832.529 STDDEV 209.967 CLASS 3 MEAN 1136.48 STDDEV 346.299
Tanaka Iteration 3 bias field 10
Tanaka-inner-loop-iteration=0 MRFWeightsTotal=2.61172e+07 beta=0.02
Tanaka-inner-loop-iteration=1 MRFWeightsTotal=2.64405e+07 beta=0.02
Tanaka-inner-loop-iteration=2 MRFWeightsTotal=2.64517e+07 beta=0.02
Tanaka-inner-loop-iteration=3 MRFWeightsTotal=2.64522e+07 beta=0.02
Tanaka-inner-loop-iteration=4 MRFWeightsTotal=2.64522e+07 beta=0.02
 CLASS 1 MEAN 274.484 STDDEV 359.611 CLASS 2 MEAN 837.851 STDDEV 204.3 CLASS 3 MEAN 1132.55 STDDEV 339.592
Tanaka Iteration 4 bias field 10
Tanaka-inner-loop-iteration=0 MRFWeightsTotal=2.61639e+07 beta=0.02
Tanaka-inner-loop-iteration=1 MRFWeightsTotal=2.64853e+07 beta=0.02
Tanaka-inner-loop-iteration=2 MRFWeightsTotal=2.64964e+07 beta=0.02
Tanaka-inner-loop-iteration=3 MRFWeightsTotal=2.64969e+07 beta=0.02
Tanaka-inner-loop-iteration=4 MRFWeightsTotal=2.64969e+07 beta=0.02
 CLASS 1 MEAN 277.327 STDDEV 364.034 CLASS 2 MEAN 841.272 STDDEV 200.059 CLASS 3 MEAN 1131.64 STDDEV 337.509
Tanaka Iteration 5 bias field 10
Tanaka-inner-loop-iteration=0 MRFWeightsTotal=2.62072e+07 beta=0.02
Tanaka-inner-loop-iteration=1 MRFWeightsTotal=2.65282e+07 beta=0.02
Tanaka-inner-loop-iteration=2 MRFWeightsTotal=2.65393e+07 beta=0.02
Tanaka-inner-loop-iteration=3 MRFWeightsTotal=2.65398e+07 beta=0.02
Tanaka-inner-loop-iteration=4 MRFWeightsTotal=2.65398e+07 beta=0.02
 CLASS 1 MEAN 279.538 STDDEV 367.09 CLASS 2 MEAN 843.655 STDDEV 196.592 CLASS 3 MEAN 1131.76 STDDEV 337.745
Tanaka Iteration 6 bias field 10
Tanaka-inner-loop-iteration=0 MRFWeightsTotal=2.62466e+07 beta=0.02
Tanaka-inner-loop-iteration=1 MRFWeightsTotal=2.65676e+07 beta=0.02
Tanaka-inner-loop-iteration=2 MRFWeightsTotal=2.65787e+07 beta=0.02
Tanaka-inner-loop-iteration=3 MRFWeightsTotal=2.65792e+07 beta=0.02
Tanaka-inner-loop-iteration=4 MRFWeightsTotal=2.65792e+07 beta=0.02
 CLASS 1 MEAN 281.05 STDDEV 368.816 CLASS 2 MEAN 845.503 STDDEV 193.652 CLASS 3 MEAN 1132.25 STDDEV 339.364
Tanaka Iteration 7 bias field 10
Tanaka-inner-loop-iteration=0 MRFWeightsTotal=2.62809e+07 beta=0.02
Tanaka-inner-loop-iteration=1 MRFWeightsTotal=2.66022e+07 beta=0.02
Tanaka-inner-loop-iteration=2 MRFWeightsTotal=2.66133e+07 beta=0.02
Tanaka-inner-loop-iteration=3 MRFWeightsTotal=2.66137e+07 beta=0.02
Tanaka-inner-loop-iteration=4 MRFWeightsTotal=2.66137e+07 beta=0.02
 CLASS 1 MEAN 281.993 STDDEV 369.504 CLASS 2 MEAN 847.113 STDDEV 191.088 CLASS 3 MEAN 1132.8 STDDEV 341.899
Tanaka Iteration 8 bias field 10
Tanaka-inner-loop-iteration=0 MRFWeightsTotal=2.6309e+07 beta=0.02
Tanaka-inner-loop-iteration=1 MRFWeightsTotal=2.66303e+07 beta=0.02
Tanaka-inner-loop-iteration=2 MRFWeightsTotal=2.66414e+07 beta=0.02
Tanaka-inner-loop-iteration=3 MRFWeightsTotal=2.66418e+07 beta=0.02
Tanaka-inner-loop-iteration=4 MRFWeightsTotal=2.66418e+07 beta=0.02
 CLASS 1 MEAN 282.52 STDDEV 369.444 CLASS 2 MEAN 848.661 STDDEV 188.825 CLASS 3 MEAN 1133.24 STDDEV 345.105
Tanaka Iteration 9 bias field 10
Tanaka-inner-loop-iteration=0 MRFWeightsTotal=2.63297e+07 beta=0.02
Tanaka-inner-loop-iteration=1 MRFWeightsTotal=2.66512e+07 beta=0.02
Tanaka-inner-loop-iteration=2 MRFWeightsTotal=2.66623e+07 beta=0.02
Tanaka-inner-loop-iteration=3 MRFWeightsTotal=2.66627e+07 beta=0.02
Tanaka-inner-loop-iteration=4 MRFWeightsTotal=2.66628e+07 beta=0.02
 CLASS 1 MEAN 282.752 STDDEV 368.866 CLASS 2 MEAN 850.252 STDDEV 186.797 CLASS 3 MEAN 1133.48 STDDEV 348.8

 tissue 1 1.08191e+06
 tissue 2 1.17693e+06
 tissue 3 1.14034e+06
 total tissue 3.39917e+06
Fri Aug  9 14:16:10 BST 2024
Extrapolating bias field from central region
Cost is 1.59005e-05
Cost is 5.52207e-06
Fri Aug  9 14:16:30 BST 2024
Registering to standard space (linear)
Fri Aug  9 14:16:47 BST 2024
Registering to standard space (non-linear)
Warning, Jacobian not within prescribed range. Prescription is 0.01 -- 100 and obtained range is 0.00622833 -- 2.73341
Fri Aug  9 14:20:58 BST 2024
Performing brain extraction (using FNIRT)
Fri Aug  9 14:23:10 BST 2024
Performing tissue-type segmentation
Cost is 6.94696e-07
Cost is 8.09924e-08
Skull-constrained registration (linear)
Fri Aug  9 14:27:36 BST 2024
Performing subcortical segmentation
initial registration 0
Stage 2: use subcortical mask
1183752
Fri Aug  9 14:30:03 BST 2024
Cleaning up intermediate files
