To start using FSL, first run 'source $FSLDIR/etc/fslconf/fsl.sh'

FSL/6.0.7.9
Fri Aug  9 16:33:07 BST 2024
Reorienting to standard orientation
Fri Aug  9 16:33:23 BST 2024
Automatically cropping the image
Starting Single Image Segmentation
T1-weighted image
Imagesize : 208 x 256 x 170
Pixelsize : 1 x 1 x 1

1 6.88346
2 7.38833
3 7.73105
KMeans Iteration 0
KMeans Iteration 1
KMeans Iteration 2
KMeans Iteration 3
KMeans Iteration 4
KMeans Iteration 5
KMeans Iteration 6
KMeans Iteration 7
KMeans Iteration 8
KMeans Iteration 9
KMeans Iteration 10
KMeans Iteration 11
KMeans Iteration 12
KMeans Iteration 13
KMeans Iteration 14
Tanaka Iteration 0 bias field 10
Tanaka-inner-loop-iteration=0 MRFWeightsTotal=2.29928e+07 beta=0.02
Tanaka-inner-loop-iteration=1 MRFWeightsTotal=2.3349e+07 beta=0.02
Tanaka-inner-loop-iteration=2 MRFWeightsTotal=2.33604e+07 beta=0.02
Tanaka-inner-loop-iteration=3 MRFWeightsTotal=2.33608e+07 beta=0.02
Tanaka-inner-loop-iteration=4 MRFWeightsTotal=2.33608e+07 beta=0.02
 CLASS 1 MEAN 539.905 STDDEV 668.003 CLASS 2 MEAN 1506.34 STDDEV 435.097 CLASS 3 MEAN 2415.32 STDDEV 680.172
Tanaka Iteration 1 bias field 10
Tanaka-inner-loop-iteration=0 MRFWeightsTotal=2.3145e+07 beta=0.02
Tanaka-inner-loop-iteration=1 MRFWeightsTotal=2.34955e+07 beta=0.02
Tanaka-inner-loop-iteration=2 MRFWeightsTotal=2.35066e+07 beta=0.02
Tanaka-inner-loop-iteration=3 MRFWeightsTotal=2.3507e+07 beta=0.02
Tanaka-inner-loop-iteration=4 MRFWeightsTotal=2.3507e+07 beta=0.02
 CLASS 1 MEAN 525.453 STDDEV 623.952 CLASS 2 MEAN 1527.56 STDDEV 409.876 CLASS 3 MEAN 2290.76 STDDEV 560.008
Tanaka Iteration 2 bias field 10
Tanaka-inner-loop-iteration=0 MRFWeightsTotal=2.32615e+07 beta=0.02
Tanaka-inner-loop-iteration=1 MRFWeightsTotal=2.36088e+07 beta=0.02
Tanaka-inner-loop-iteration=2 MRFWeightsTotal=2.36196e+07 beta=0.02
Tanaka-inner-loop-iteration=3 MRFWeightsTotal=2.36199e+07 beta=0.02
Tanaka-inner-loop-iteration=4 MRFWeightsTotal=2.36199e+07 beta=0.02
 CLASS 1 MEAN 524.067 STDDEV 623.798 CLASS 2 MEAN 1533.09 STDDEV 394.507 CLASS 3 MEAN 2264.42 STDDEV 523.256
Tanaka Iteration 3 bias field 10
Tanaka-inner-loop-iteration=0 MRFWeightsTotal=2.33808e+07 beta=0.02
Tanaka-inner-loop-iteration=1 MRFWeightsTotal=2.37276e+07 beta=0.02
Tanaka-inner-loop-iteration=2 MRFWeightsTotal=2.37381e+07 beta=0.02
Tanaka-inner-loop-iteration=3 MRFWeightsTotal=2.37385e+07 beta=0.02
Tanaka-inner-loop-iteration=4 MRFWeightsTotal=2.37385e+07 beta=0.02
 CLASS 1 MEAN 527.635 STDDEV 631.886 CLASS 2 MEAN 1533.41 STDDEV 384.768 CLASS 3 MEAN 2258.33 STDDEV 503.975
Tanaka Iteration 4 bias field 10
Tanaka-inner-loop-iteration=0 MRFWeightsTotal=2.35081e+07 beta=0.02
Tanaka-inner-loop-iteration=1 MRFWeightsTotal=2.38556e+07 beta=0.02
Tanaka-inner-loop-iteration=2 MRFWeightsTotal=2.38659e+07 beta=0.02
Tanaka-inner-loop-iteration=3 MRFWeightsTotal=2.38663e+07 beta=0.02
Tanaka-inner-loop-iteration=4 MRFWeightsTotal=2.38663e+07 beta=0.02
 CLASS 1 MEAN 532.271 STDDEV 641.205 CLASS 2 MEAN 1531.52 STDDEV 377.489 CLASS 3 MEAN 2259.07 STDDEV 491.011
Tanaka Iteration 5 bias field 10
Tanaka-inner-loop-iteration=0 MRFWeightsTotal=2.36438e+07 beta=0.02
Tanaka-inner-loop-iteration=1 MRFWeightsTotal=2.39925e+07 beta=0.02
Tanaka-inner-loop-iteration=2 MRFWeightsTotal=2.40027e+07 beta=0.02
Tanaka-inner-loop-iteration=3 MRFWeightsTotal=2.4003e+07 beta=0.02
Tanaka-inner-loop-iteration=4 MRFWeightsTotal=2.4003e+07 beta=0.02
 CLASS 1 MEAN 536.479 STDDEV 649.474 CLASS 2 MEAN 1528.65 STDDEV 371.33 CLASS 3 MEAN 2262.68 STDDEV 481.029
Tanaka Iteration 6 bias field 10
Tanaka-inner-loop-iteration=0 MRFWeightsTotal=2.37859e+07 beta=0.02
Tanaka-inner-loop-iteration=1 MRFWeightsTotal=2.41357e+07 beta=0.02
Tanaka-inner-loop-iteration=2 MRFWeightsTotal=2.41457e+07 beta=0.02
Tanaka-inner-loop-iteration=3 MRFWeightsTotal=2.4146e+07 beta=0.02
Tanaka-inner-loop-iteration=4 MRFWeightsTotal=2.4146e+07 beta=0.02
 CLASS 1 MEAN 539.88 STDDEV 656.16 CLASS 2 MEAN 1525.39 STDDEV 365.768 CLASS 3 MEAN 2267.73 STDDEV 472.751
Tanaka Iteration 7 bias field 10
Tanaka-inner-loop-iteration=0 MRFWeightsTotal=2.3931e+07 beta=0.02
Tanaka-inner-loop-iteration=1 MRFWeightsTotal=2.42818e+07 beta=0.02
Tanaka-inner-loop-iteration=2 MRFWeightsTotal=2.42916e+07 beta=0.02
Tanaka-inner-loop-iteration=3 MRFWeightsTotal=2.42919e+07 beta=0.02
Tanaka-inner-loop-iteration=4 MRFWeightsTotal=2.42919e+07 beta=0.02
 CLASS 1 MEAN 542.512 STDDEV 661.372 CLASS 2 MEAN 1522.09 STDDEV 360.568 CLASS 3 MEAN 2273.57 STDDEV 465.644
Tanaka Iteration 8 bias field 10
Tanaka-inner-loop-iteration=0 MRFWeightsTotal=2.40767e+07 beta=0.02
Tanaka-inner-loop-iteration=1 MRFWeightsTotal=2.4428e+07 beta=0.02
Tanaka-inner-loop-iteration=2 MRFWeightsTotal=2.44377e+07 beta=0.02
Tanaka-inner-loop-iteration=3 MRFWeightsTotal=2.44379e+07 beta=0.02
Tanaka-inner-loop-iteration=4 MRFWeightsTotal=2.4438e+07 beta=0.02
 CLASS 1 MEAN 544.517 STDDEV 665.358 CLASS 2 MEAN 1518.95 STDDEV 355.637 CLASS 3 MEAN 2279.84 STDDEV 459.389
Tanaka Iteration 9 bias field 10
Tanaka-inner-loop-iteration=0 MRFWeightsTotal=2.42206e+07 beta=0.02
Tanaka-inner-loop-iteration=1 MRFWeightsTotal=2.45721e+07 beta=0.02
Tanaka-inner-loop-iteration=2 MRFWeightsTotal=2.45815e+07 beta=0.02
Tanaka-inner-loop-iteration=3 MRFWeightsTotal=2.45818e+07 beta=0.02
Tanaka-inner-loop-iteration=4 MRFWeightsTotal=2.45818e+07 beta=0.02
 CLASS 1 MEAN 546.047 STDDEV 668.388 CLASS 2 MEAN 1516.08 STDDEV 350.927 CLASS 3 MEAN 2286.34 STDDEV 453.827

 tissue 1 875144
 tissue 2 974315
 tissue 3 984788
 total tissue 2.83425e+06
Fri Aug  9 16:38:28 BST 2024
Extrapolating bias field from central region
Cost is 1.5264e-05
Cost is 3.87611e-06
Fri Aug  9 16:38:51 BST 2024
Registering to standard space (linear)
Fri Aug  9 16:39:10 BST 2024
Registering to standard space (non-linear)
Warning, Jacobian not within prescribed range. Prescription is 0.01 -- 100 and obtained range is 0.00819719 -- 2.68914
Fri Aug  9 16:45:23 BST 2024
Performing brain extraction (using FNIRT)
Fri Aug  9 16:54:37 BST 2024
Performing tissue-type segmentation
Cost is 4.99119e-07
Cost is 6.37589e-08
Skull-constrained registration (linear)
Fri Aug  9 16:59:05 BST 2024
Performing subcortical segmentation
initial registration 0
Stage 2: use subcortical mask
404082
Fri Aug  9 17:01:49 BST 2024
Cleaning up intermediate files
