To start using FSL, first run 'source $FSLDIR/etc/fslconf/fsl.sh'

FSL/6.0.7.9
Fri Aug  9 12:28:20 BST 2024
Reorienting to standard orientation
Fri Aug  9 12:28:35 BST 2024
Automatically cropping the image
Starting Single Image Segmentation
T1-weighted image
Imagesize : 208 x 256 x 170
Pixelsize : 1 x 1 x 1

1 6.37843
2 6.78106
3 7.10906
KMeans Iteration 0
KMeans Iteration 1
KMeans Iteration 2
KMeans Iteration 3
KMeans Iteration 4
KMeans Iteration 5
KMeans Iteration 6
KMeans Iteration 7
KMeans Iteration 8
KMeans Iteration 9
KMeans Iteration 10
KMeans Iteration 11
KMeans Iteration 12
KMeans Iteration 13
KMeans Iteration 14
Tanaka Iteration 0 bias field 10
Tanaka-inner-loop-iteration=0 MRFWeightsTotal=2.19498e+07 beta=0.02
Tanaka-inner-loop-iteration=1 MRFWeightsTotal=2.22606e+07 beta=0.02
Tanaka-inner-loop-iteration=2 MRFWeightsTotal=2.22722e+07 beta=0.02
Tanaka-inner-loop-iteration=3 MRFWeightsTotal=2.22727e+07 beta=0.02
Tanaka-inner-loop-iteration=4 MRFWeightsTotal=2.22727e+07 beta=0.02
 CLASS 1 MEAN 327.572 STDDEV 430.472 CLASS 2 MEAN 882.354 STDDEV 217.215 CLASS 3 MEAN 1242.29 STDDEV 514.203
Tanaka Iteration 1 bias field 10
Tanaka-inner-loop-iteration=0 MRFWeightsTotal=2.21077e+07 beta=0.02
Tanaka-inner-loop-iteration=1 MRFWeightsTotal=2.24083e+07 beta=0.02
Tanaka-inner-loop-iteration=2 MRFWeightsTotal=2.24194e+07 beta=0.02
Tanaka-inner-loop-iteration=3 MRFWeightsTotal=2.24199e+07 beta=0.02
Tanaka-inner-loop-iteration=4 MRFWeightsTotal=2.24199e+07 beta=0.02
 CLASS 1 MEAN 315.107 STDDEV 400.138 CLASS 2 MEAN 891.281 STDDEV 194.28 CLASS 3 MEAN 1193.12 STDDEV 457.075
Tanaka Iteration 2 bias field 10
Tanaka-inner-loop-iteration=0 MRFWeightsTotal=2.22233e+07 beta=0.02
Tanaka-inner-loop-iteration=1 MRFWeightsTotal=2.25253e+07 beta=0.02
Tanaka-inner-loop-iteration=2 MRFWeightsTotal=2.25364e+07 beta=0.02
Tanaka-inner-loop-iteration=3 MRFWeightsTotal=2.25369e+07 beta=0.02
Tanaka-inner-loop-iteration=4 MRFWeightsTotal=2.25369e+07 beta=0.02
 CLASS 1 MEAN 313.142 STDDEV 398.509 CLASS 2 MEAN 895.701 STDDEV 181.398 CLASS 3 MEAN 1182.07 STDDEV 450.038
Tanaka Iteration 3 bias field 10
Tanaka-inner-loop-iteration=0 MRFWeightsTotal=2.23007e+07 beta=0.02
Tanaka-inner-loop-iteration=1 MRFWeightsTotal=2.26074e+07 beta=0.02
Tanaka-inner-loop-iteration=2 MRFWeightsTotal=2.26187e+07 beta=0.02
Tanaka-inner-loop-iteration=3 MRFWeightsTotal=2.26192e+07 beta=0.02
Tanaka-inner-loop-iteration=4 MRFWeightsTotal=2.26192e+07 beta=0.02
 CLASS 1 MEAN 314.139 STDDEV 400.013 CLASS 2 MEAN 898.112 STDDEV 173.199 CLASS 3 MEAN 1178.56 STDDEV 454.738
Tanaka Iteration 4 bias field 10
Tanaka-inner-loop-iteration=0 MRFWeightsTotal=2.23533e+07 beta=0.02
Tanaka-inner-loop-iteration=1 MRFWeightsTotal=2.26647e+07 beta=0.02
Tanaka-inner-loop-iteration=2 MRFWeightsTotal=2.26762e+07 beta=0.02
Tanaka-inner-loop-iteration=3 MRFWeightsTotal=2.26767e+07 beta=0.02
Tanaka-inner-loop-iteration=4 MRFWeightsTotal=2.26767e+07 beta=0.02
 CLASS 1 MEAN 315.262 STDDEV 401.165 CLASS 2 MEAN 899.674 STDDEV 167.53 CLASS 3 MEAN 1176.83 STDDEV 462.861
Tanaka Iteration 5 bias field 10
Tanaka-inner-loop-iteration=0 MRFWeightsTotal=2.23878e+07 beta=0.02
Tanaka-inner-loop-iteration=1 MRFWeightsTotal=2.27033e+07 beta=0.02
Tanaka-inner-loop-iteration=2 MRFWeightsTotal=2.2715e+07 beta=0.02
Tanaka-inner-loop-iteration=3 MRFWeightsTotal=2.27155e+07 beta=0.02
Tanaka-inner-loop-iteration=4 MRFWeightsTotal=2.27155e+07 beta=0.02
 CLASS 1 MEAN 315.968 STDDEV 401.648 CLASS 2 MEAN 900.88 STDDEV 163.423 CLASS 3 MEAN 1175.3 STDDEV 471.609
Tanaka Iteration 6 bias field 10
Tanaka-inner-loop-iteration=0 MRFWeightsTotal=2.24075e+07 beta=0.02
Tanaka-inner-loop-iteration=1 MRFWeightsTotal=2.27264e+07 beta=0.02
Tanaka-inner-loop-iteration=2 MRFWeightsTotal=2.27381e+07 beta=0.02
Tanaka-inner-loop-iteration=3 MRFWeightsTotal=2.27386e+07 beta=0.02
Tanaka-inner-loop-iteration=4 MRFWeightsTotal=2.27387e+07 beta=0.02
 CLASS 1 MEAN 316.332 STDDEV 401.74 CLASS 2 MEAN 901.936 STDDEV 160.419 CLASS 3 MEAN 1173.54 STDDEV 479.862
Tanaka Iteration 7 bias field 10
Tanaka-inner-loop-iteration=0 MRFWeightsTotal=2.24161e+07 beta=0.02
Tanaka-inner-loop-iteration=1 MRFWeightsTotal=2.27371e+07 beta=0.02
Tanaka-inner-loop-iteration=2 MRFWeightsTotal=2.2749e+07 beta=0.02
Tanaka-inner-loop-iteration=3 MRFWeightsTotal=2.27495e+07 beta=0.02
Tanaka-inner-loop-iteration=4 MRFWeightsTotal=2.27495e+07 beta=0.02
 CLASS 1 MEAN 316.503 STDDEV 401.712 CLASS 2 MEAN 902.927 STDDEV 158.209 CLASS 3 MEAN 1171.5 STDDEV 487.17
Tanaka Iteration 8 bias field 10
Tanaka-inner-loop-iteration=0 MRFWeightsTotal=2.24155e+07 beta=0.02
Tanaka-inner-loop-iteration=1 MRFWeightsTotal=2.27385e+07 beta=0.02
Tanaka-inner-loop-iteration=2 MRFWeightsTotal=2.27504e+07 beta=0.02
Tanaka-inner-loop-iteration=3 MRFWeightsTotal=2.27509e+07 beta=0.02
Tanaka-inner-loop-iteration=4 MRFWeightsTotal=2.27509e+07 beta=0.02
 CLASS 1 MEAN 316.591 STDDEV 401.72 CLASS 2 MEAN 903.88 STDDEV 156.584 CLASS 3 MEAN 1169.26 STDDEV 493.385
Tanaka Iteration 9 bias field 10
Tanaka-inner-loop-iteration=0 MRFWeightsTotal=2.24095e+07 beta=0.02
Tanaka-inner-loop-iteration=1 MRFWeightsTotal=2.27335e+07 beta=0.02
Tanaka-inner-loop-iteration=2 MRFWeightsTotal=2.27454e+07 beta=0.02
Tanaka-inner-loop-iteration=3 MRFWeightsTotal=2.2746e+07 beta=0.02
Tanaka-inner-loop-iteration=4 MRFWeightsTotal=2.2746e+07 beta=0.02
 CLASS 1 MEAN 316.656 STDDEV 401.824 CLASS 2 MEAN 904.8 STDDEV 155.374 CLASS 3 MEAN 1166.91 STDDEV 498.536

 tissue 1 857602
 tissue 2 1.07911e+06
 tissue 3 977232
 total tissue 2.91394e+06
Fri Aug  9 12:34:10 BST 2024
Extrapolating bias field from central region
Cost is 5.68913e-06
Cost is 2.47404e-06
Fri Aug  9 12:34:33 BST 2024
Registering to standard space (linear)
Fri Aug  9 12:34:59 BST 2024
Registering to standard space (non-linear)
Fri Aug  9 12:39:10 BST 2024
Performing brain extraction (using FNIRT)
Fri Aug  9 12:50:05 BST 2024
Performing tissue-type segmentation
Cost is 7.90984e-07
Cost is 7.61681e-08
Skull-constrained registration (linear)
Fri Aug  9 12:54:56 BST 2024
Performing subcortical segmentation
initial registration 0
Stage 2: use subcortical mask
1841895
Fri Aug  9 12:57:57 BST 2024
Cleaning up intermediate files
