To start using FSL, first run 'source $FSLDIR/etc/fslconf/fsl.sh'

FSL/6.0.7.9
Fri Aug  9 16:28:37 BST 2024
Reorienting to standard orientation
Fri Aug  9 16:28:51 BST 2024
Automatically cropping the image
Starting Single Image Segmentation
T1-weighted image
Imagesize : 208 x 256 x 170
Pixelsize : 1 x 1 x 1

1 6.23832
2 6.6995
3 7.02376
KMeans Iteration 0
KMeans Iteration 1
KMeans Iteration 2
KMeans Iteration 3
KMeans Iteration 4
KMeans Iteration 5
KMeans Iteration 6
KMeans Iteration 7
KMeans Iteration 8
KMeans Iteration 9
KMeans Iteration 10
KMeans Iteration 11
KMeans Iteration 12
KMeans Iteration 13
KMeans Iteration 14
Tanaka Iteration 0 bias field 10
Tanaka-inner-loop-iteration=0 MRFWeightsTotal=2.48861e+07 beta=0.02
Tanaka-inner-loop-iteration=1 MRFWeightsTotal=2.52396e+07 beta=0.02
Tanaka-inner-loop-iteration=2 MRFWeightsTotal=2.52523e+07 beta=0.02
Tanaka-inner-loop-iteration=3 MRFWeightsTotal=2.52528e+07 beta=0.02
Tanaka-inner-loop-iteration=4 MRFWeightsTotal=2.52528e+07 beta=0.02
 CLASS 1 MEAN 277.477 STDDEV 405.673 CLASS 2 MEAN 767.715 STDDEV 208.705 CLASS 3 MEAN 1142.23 STDDEV 333.304
Tanaka Iteration 1 bias field 10
Tanaka-inner-loop-iteration=0 MRFWeightsTotal=2.49256e+07 beta=0.02
Tanaka-inner-loop-iteration=1 MRFWeightsTotal=2.52606e+07 beta=0.02
Tanaka-inner-loop-iteration=2 MRFWeightsTotal=2.52725e+07 beta=0.02
Tanaka-inner-loop-iteration=3 MRFWeightsTotal=2.52729e+07 beta=0.02
Tanaka-inner-loop-iteration=4 MRFWeightsTotal=2.5273e+07 beta=0.02
 CLASS 1 MEAN 263.154 STDDEV 362.471 CLASS 2 MEAN 778.818 STDDEV 199.331 CLASS 3 MEAN 1105.67 STDDEV 302.346
Tanaka Iteration 2 bias field 10
Tanaka-inner-loop-iteration=0 MRFWeightsTotal=2.49069e+07 beta=0.02
Tanaka-inner-loop-iteration=1 MRFWeightsTotal=2.52319e+07 beta=0.02
Tanaka-inner-loop-iteration=2 MRFWeightsTotal=2.52434e+07 beta=0.02
Tanaka-inner-loop-iteration=3 MRFWeightsTotal=2.52438e+07 beta=0.02
Tanaka-inner-loop-iteration=4 MRFWeightsTotal=2.52438e+07 beta=0.02
 CLASS 1 MEAN 262.383 STDDEV 360.895 CLASS 2 MEAN 785.286 STDDEV 194.106 CLASS 3 MEAN 1094.16 STDDEV 292.122
Tanaka Iteration 3 bias field 10
Tanaka-inner-loop-iteration=0 MRFWeightsTotal=2.48825e+07 beta=0.02
Tanaka-inner-loop-iteration=1 MRFWeightsTotal=2.52013e+07 beta=0.02
Tanaka-inner-loop-iteration=2 MRFWeightsTotal=2.52124e+07 beta=0.02
Tanaka-inner-loop-iteration=3 MRFWeightsTotal=2.52129e+07 beta=0.02
Tanaka-inner-loop-iteration=4 MRFWeightsTotal=2.52129e+07 beta=0.02
 CLASS 1 MEAN 264.819 STDDEV 365.108 CLASS 2 MEAN 789.218 STDDEV 190.825 CLASS 3 MEAN 1089.22 STDDEV 287.942
Tanaka Iteration 4 bias field 10
Tanaka-inner-loop-iteration=0 MRFWeightsTotal=2.48622e+07 beta=0.02
Tanaka-inner-loop-iteration=1 MRFWeightsTotal=2.51768e+07 beta=0.02
Tanaka-inner-loop-iteration=2 MRFWeightsTotal=2.51878e+07 beta=0.02
Tanaka-inner-loop-iteration=3 MRFWeightsTotal=2.51883e+07 beta=0.02
Tanaka-inner-loop-iteration=4 MRFWeightsTotal=2.51883e+07 beta=0.02
 CLASS 1 MEAN 267.493 STDDEV 369.539 CLASS 2 MEAN 791.761 STDDEV 188.464 CLASS 3 MEAN 1086.55 STDDEV 286.203
Tanaka Iteration 5 bias field 10
Tanaka-inner-loop-iteration=0 MRFWeightsTotal=2.48464e+07 beta=0.02
Tanaka-inner-loop-iteration=1 MRFWeightsTotal=2.51583e+07 beta=0.02
Tanaka-inner-loop-iteration=2 MRFWeightsTotal=2.51692e+07 beta=0.02
Tanaka-inner-loop-iteration=3 MRFWeightsTotal=2.51696e+07 beta=0.02
Tanaka-inner-loop-iteration=4 MRFWeightsTotal=2.51697e+07 beta=0.02
 CLASS 1 MEAN 269.678 STDDEV 373.02 CLASS 2 MEAN 793.536 STDDEV 186.632 CLASS 3 MEAN 1084.88 STDDEV 285.688
Tanaka Iteration 6 bias field 10
Tanaka-inner-loop-iteration=0 MRFWeightsTotal=2.48336e+07 beta=0.02
Tanaka-inner-loop-iteration=1 MRFWeightsTotal=2.51434e+07 beta=0.02
Tanaka-inner-loop-iteration=2 MRFWeightsTotal=2.51542e+07 beta=0.02
Tanaka-inner-loop-iteration=3 MRFWeightsTotal=2.51546e+07 beta=0.02
Tanaka-inner-loop-iteration=4 MRFWeightsTotal=2.51547e+07 beta=0.02
 CLASS 1 MEAN 271.298 STDDEV 375.464 CLASS 2 MEAN 794.885 STDDEV 185.169 CLASS 3 MEAN 1083.74 STDDEV 285.91
Tanaka Iteration 7 bias field 10
Tanaka-inner-loop-iteration=0 MRFWeightsTotal=2.48219e+07 beta=0.02
Tanaka-inner-loop-iteration=1 MRFWeightsTotal=2.51301e+07 beta=0.02
Tanaka-inner-loop-iteration=2 MRFWeightsTotal=2.51408e+07 beta=0.02
Tanaka-inner-loop-iteration=3 MRFWeightsTotal=2.51413e+07 beta=0.02
Tanaka-inner-loop-iteration=4 MRFWeightsTotal=2.51413e+07 beta=0.02
 CLASS 1 MEAN 272.434 STDDEV 377.026 CLASS 2 MEAN 796.007 STDDEV 183.989 CLASS 3 MEAN 1082.93 STDDEV 286.618
Tanaka Iteration 8 bias field 10
Tanaka-inner-loop-iteration=0 MRFWeightsTotal=2.48113e+07 beta=0.02
Tanaka-inner-loop-iteration=1 MRFWeightsTotal=2.51176e+07 beta=0.02
Tanaka-inner-loop-iteration=2 MRFWeightsTotal=2.51282e+07 beta=0.02
Tanaka-inner-loop-iteration=3 MRFWeightsTotal=2.51287e+07 beta=0.02
Tanaka-inner-loop-iteration=4 MRFWeightsTotal=2.51287e+07 beta=0.02
 CLASS 1 MEAN 273.187 STDDEV 377.893 CLASS 2 MEAN 797.019 STDDEV 183.012 CLASS 3 MEAN 1082.31 STDDEV 287.655
Tanaka Iteration 9 bias field 10
Tanaka-inner-loop-iteration=0 MRFWeightsTotal=2.47995e+07 beta=0.02
Tanaka-inner-loop-iteration=1 MRFWeightsTotal=2.51045e+07 beta=0.02
Tanaka-inner-loop-iteration=2 MRFWeightsTotal=2.51151e+07 beta=0.02
Tanaka-inner-loop-iteration=3 MRFWeightsTotal=2.51155e+07 beta=0.02
Tanaka-inner-loop-iteration=4 MRFWeightsTotal=2.51156e+07 beta=0.02
 CLASS 1 MEAN 273.656 STDDEV 378.234 CLASS 2 MEAN 797.988 STDDEV 182.209 CLASS 3 MEAN 1081.81 STDDEV 288.962

 tissue 1 1.01509e+06
 tissue 2 1.11191e+06
 tissue 3 1.09961e+06
 total tissue 3.22661e+06
Fri Aug  9 16:33:56 BST 2024
Extrapolating bias field from central region
Cost is 8.0854e-06
Cost is 3.74489e-06
Fri Aug  9 16:34:18 BST 2024
Registering to standard space (linear)
Fri Aug  9 16:34:38 BST 2024
Registering to standard space (non-linear)
Fri Aug  9 16:38:52 BST 2024
Performing brain extraction (using FNIRT)
Fri Aug  9 16:40:05 BST 2024
Performing tissue-type segmentation
Cost is 6.21201e-07
Cost is 7.2094e-08
Skull-constrained registration (linear)
Fri Aug  9 16:44:17 BST 2024
Performing subcortical segmentation
initial registration 0
Stage 2: use subcortical mask
2889897
Fri Aug  9 16:46:53 BST 2024
Cleaning up intermediate files
